<?xml version="1.0" encoding="UTF-8"?>
<!-- Generated by org.testng.reporters.JUnitReportReporter -->
<testsuite hostname="LAPTOP-CED8IJSV" failures="0" tests="1" name="test_Azure_pipline_package.test_pip" time="4.455" errors="0" timestamp="18 Jan 2024 14:34:59 GMT" skipped="0">
  <testcase classname="test_Azure_pipline_package.test_pip" name="test" time="4.455"/>
</testsuite> <!-- test_Azure_pipline_package.test_pip -->
